<?xml version="1.0" encoding="UTF-8"?>
<!-- Generated by org.testng.reporters.JUnitReportReporter -->
<testsuite hostname="DESKTOP-GQ1HDIT" failures="0" tests="2" name="TestCases.SauceLoginTest" time="6.436" errors="0" timestamp="2022-03-25T23:56:33 EDT" skipped="0">
  <testcase classname="TestCases.SauceLoginTest" name="LoginSuccessTest" time="3.795"/>
  <system-out/>
  <testcase classname="TestCases.SauceLoginTest" name="LoginFailureTest" time="2.641"/>
  <system-out/>
</testsuite> <!-- TestCases.SauceLoginTest -->
